# JRE version: Java(TM) SE Runtime Environment 18.9 (11.0.19+9) (build 11.0.19+9-LTS-224)
# Java VM: Java HotSpot(TM) 64-Bit Server VM 18.9 (11.0.19+9-LTS-224, mixed mode, tiered, compressed oops, g1 gc, windows-amd64)
Heap:
 garbage-first heap   total 157696K, used 81723K [0x0000000081e00000, 0x0000000100000000)
  region size 1024K, 34 young (34816K), 7 survivors (7168K)
 Metaspace       used 57617K, capacity 58322K, committed 58496K, reserved 1101824K
  class space    used 6624K, capacity 6940K, committed 7040K, reserved 1048576K
GC Heap History (10 events):
Event: 2.724 GC heap before
{Heap before GC invocations=4 (full 0):
 garbage-first heap   total 131072K, used 77041K [0x0000000081e00000, 0x0000000100000000)
  region size 1024K, 56 young (57344K), 7 survivors (7168K)
 Metaspace       used 34890K, capacity 35438K, committed 35628K, reserved 1081344K
  class space    used 4265K, capacity 4467K, committed 4480K, reserved 1048576K
}
Event: 2.742 GC heap after
{Heap after GC invocations=5 (full 0):
 garbage-first heap   total 131072K, used 31524K [0x0000000081e00000, 0x0000000100000000)
  region size 1024K, 8 young (8192K), 8 survivors (8192K)
 Metaspace       used 34890K, capacity 35438K, committed 35628K, reserved 1081344K
  class space    used 4265K, capacity 4467K, committed 4480K, reserved 1048576K
}
Event: 2.905 GC heap before
{Heap before GC invocations=6 (full 0):
 garbage-first heap   total 131072K, used 38692K [0x0000000081e00000, 0x0000000100000000)
  region size 1024K, 15 young (15360K), 8 survivors (8192K)
 Metaspace       used 36597K, capacity 37171K, committed 37368K, reserved 1081344K
  class space    used 4496K, capacity 4725K, committed 4736K, reserved 1048576K
}
Event: 2.913 GC heap after
{Heap after GC invocations=7 (full 0):
 garbage-first heap   total 157696K, used 33189K [0x0000000081e00000, 0x0000000100000000)
  region size 1024K, 1 young (1024K), 1 survivors (1024K)
 Metaspace       used 36597K, capacity 37171K, committed 37368K, reserved 1081344K
  class space    used 4496K, capacity 4725K, committed 4736K, reserved 1048576K
}
Event: 3.850 GC heap before
{Heap before GC invocations=7 (full 0):
 garbage-first heap   total 157696K, used 89509K [0x0000000081e00000, 0x0000000100000000)
  region size 1024K, 49 young (50176K), 1 survivors (1024K)
 Metaspace       used 44790K, capacity 45411K, committed 45824K, reserved 1089536K
  class space    used 5288K, capacity 5507K, committed 5632K, reserved 1048576K
}
Event: 3.855 GC heap after
{Heap after GC invocations=8 (full 0):
 garbage-first heap   total 157696K, used 46429K [0x0000000081e00000, 0x0000000100000000)
  region size 1024K, 7 young (7168K), 7 survivors (7168K)
 Metaspace       used 44790K, capacity 45411K, committed 45824K, reserved 1089536K
  class space    used 5288K, capacity 5507K, committed 5632K, reserved 1048576K
}
Event: 4.431 GC heap before
{Heap before GC invocations=8 (full 0):
 garbage-first heap   total 157696K, used 94557K [0x0000000081e00000, 0x0000000100000000)
  region size 1024K, 53 young (54272K), 7 survivors (7168K)
 Metaspace       used 49129K, capacity 49764K, committed 49920K, reserved 1093632K
  class space    used 5792K, capacity 6040K, committed 6144K, reserved 1048576K
}
Event: 4.439 GC heap after
{Heap after GC invocations=9 (full 0):
 garbage-first heap   total 157696K, used 50305K [0x0000000081e00000, 0x0000000100000000)
  region size 1024K, 4 young (4096K), 4 survivors (4096K)
 Metaspace       used 49129K, capacity 49764K, committed 49920K, reserved 1093632K
  class space    used 5792K, capacity 6040K, committed 6144K, reserved 1048576K
}
Event: 9.171 GC heap before
{Heap before GC invocations=9 (full 0):
 garbage-first heap   total 157696K, used 99457K [0x0000000081e00000, 0x0000000100000000)
  region size 1024K, 52 young (53248K), 4 survivors (4096K)
 Metaspace       used 56332K, capacity 57125K, committed 57344K, reserved 1099776K
  class space    used 6584K, capacity 6904K, committed 6912K, reserved 1048576K
}
Event: 9.179 GC heap after
{Heap after GC invocations=10 (full 0):
 garbage-first heap   total 157696K, used 55099K [0x0000000081e00000, 0x0000000100000000)
  region size 1024K, 7 young (7168K), 7 survivors (7168K)
 Metaspace       used 56332K, capacity 57125K, committed 57344K, reserved 1099776K
  class space    used 6584K, capacity 6904K, committed 6912K, reserved 1048576K
}

